<?xml version="1.0" encoding="UTF-8"?>
<!-- Generated by org.testng.reporters.JUnitReportReporter -->
<testsuite hostname="C02XV0M1JG5L" failures="0" tests="1" name="com.krishna.runner.TestRunner" time="12.523" errors="0" timestamp="2021-08-07T19:44:11 IST" skipped="0">
  <testcase classname="com.krishna.runner.TestRunner" name="feature" time="12.523"/>
</testsuite> <!-- com.krishna.runner.TestRunner -->
