<?xml version="1.0" encoding="UTF-8"?>
<testsuite xmlns:xsi="http://www.w3.org/2001/XMLSchema-instance" xsi:noNamespaceSchemaLocation="https://maven.apache.org/surefire/maven-surefire-plugin/xsd/surefire-test-report.xsd" name="TestRunner" time="5.387" tests="0" errors="0" skipped="0" failures="0">
  <properties>
    <property name="java.specification.version" value="13"/>
    <property name="sun.jnu.encoding" value="UTF-8"/>
    <property name="java.class.path" value="/Users/krishnamurthypatil/.p2/pool/plugins/org.eclipse.m2e.maven.runtime_1.15.0.20200310-1832/jars/plexus-classworlds-2.6.0.jar"/>
    <property name="java.vm.vendor" value="Oracle Corporation"/>
    <property name="sun.arch.data.model" value="64"/>
    <property name="java.vendor.url" value="https://java.oracle.com/"/>
    <property name="user.timezone" value="Asia/Kolkata"/>
    <property name="java.vm.specification.version" value="13"/>
    <property name="os.name" value="Mac OS X"/>
    <property name="sun.java.launcher" value="SUN_STANDARD"/>
    <property name="user.country" value="US"/>
    <property name="sun.boot.library.path" value="/Library/Java/JavaVirtualMachines/jdk-13.0.2.jdk/Contents/Home/lib"/>
    <property name="sun.java.command" value="org.codehaus.plexus.classworlds.launcher.Launcher -B install"/>
    <property name="http.nonProxyHosts" value="local|*.local|169.254/16|*.169.254/16"/>
    <property name="jdk.debug" value="release"/>
    <property name="maven.home" value="/Users/krishnamurthypatil/eclipse-workspace/Cucumber-SDET/EMBEDDED"/>
    <property name="surefire.test.class.path" value="/Users/krishnamurthypatil/eclipse-workspace/Cucumber-SDET/target/test-classes:/Users/krishnamurthypatil/eclipse-workspace/Cucumber-SDET/target/classes:/Users/krishnamurthypatil/.m2/repository/info/cukes/cucumber-java/1.2.5/cucumber-java-1.2.5.jar:/Users/krishnamurthypatil/.m2/repository/info/cukes/cucumber-core/1.2.5/cucumber-core-1.2.5.jar:/Users/krishnamurthypatil/.m2/repository/info/cukes/cucumber-html/0.2.3/cucumber-html-0.2.3.jar:/Users/krishnamurthypatil/.m2/repository/info/cukes/cucumber-jvm-deps/1.0.5/cucumber-jvm-deps-1.0.5.jar:/Users/krishnamurthypatil/.m2/repository/info/cukes/cucumber-junit/1.2.5/cucumber-junit-1.2.5.jar:/Users/krishnamurthypatil/.m2/repository/junit/junit/4.12/junit-4.12.jar:/Users/krishnamurthypatil/.m2/repository/org/hamcrest/hamcrest-core/1.3/hamcrest-core-1.3.jar:/Users/krishnamurthypatil/.m2/repository/info/cukes/cucumber-testng/1.2.5/cucumber-testng-1.2.5.jar:/Users/krishnamurthypatil/.m2/repository/org/seleniumhq/selenium/selenium-java/3.141.59/selenium-java-3.141.59.jar:/Users/krishnamurthypatil/.m2/repository/org/seleniumhq/selenium/selenium-chrome-driver/3.141.59/selenium-chrome-driver-3.141.59.jar:/Users/krishnamurthypatil/.m2/repository/org/seleniumhq/selenium/selenium-edge-driver/3.141.59/selenium-edge-driver-3.141.59.jar:/Users/krishnamurthypatil/.m2/repository/org/seleniumhq/selenium/selenium-firefox-driver/3.141.59/selenium-firefox-driver-3.141.59.jar:/Users/krishnamurthypatil/.m2/repository/org/seleniumhq/selenium/selenium-ie-driver/3.141.59/selenium-ie-driver-3.141.59.jar:/Users/krishnamurthypatil/.m2/repository/org/seleniumhq/selenium/selenium-opera-driver/3.141.59/selenium-opera-driver-3.141.59.jar:/Users/krishnamurthypatil/.m2/repository/org/seleniumhq/selenium/selenium-remote-driver/3.141.59/selenium-remote-driver-3.141.59.jar:/Users/krishnamurthypatil/.m2/repository/org/seleniumhq/selenium/selenium-safari-driver/3.141.59/selenium-safari-driver-3.141.59.jar:/Users/krishnamurthypatil/.m2/repository/net/bytebuddy/byte-buddy/1.8.15/byte-buddy-1.8.15.jar:/Users/krishnamurthypatil/.m2/repository/org/apache/commons/commons-exec/1.3/commons-exec-1.3.jar:/Users/krishnamurthypatil/.m2/repository/com/google/guava/guava/25.0-jre/guava-25.0-jre.jar:/Users/krishnamurthypatil/.m2/repository/com/google/code/findbugs/jsr305/1.3.9/jsr305-1.3.9.jar:/Users/krishnamurthypatil/.m2/repository/org/checkerframework/checker-compat-qual/2.0.0/checker-compat-qual-2.0.0.jar:/Users/krishnamurthypatil/.m2/repository/com/google/errorprone/error_prone_annotations/2.1.3/error_prone_annotations-2.1.3.jar:/Users/krishnamurthypatil/.m2/repository/com/google/j2objc/j2objc-annotations/1.1/j2objc-annotations-1.1.jar:/Users/krishnamurthypatil/.m2/repository/org/codehaus/mojo/animal-sniffer-annotations/1.14/animal-sniffer-annotations-1.14.jar:/Users/krishnamurthypatil/.m2/repository/com/squareup/okhttp3/okhttp/3.11.0/okhttp-3.11.0.jar:/Users/krishnamurthypatil/.m2/repository/com/squareup/okio/okio/1.14.0/okio-1.14.0.jar:/Users/krishnamurthypatil/.m2/repository/org/seleniumhq/selenium/selenium-api/3.141.59/selenium-api-3.141.59.jar:/Users/krishnamurthypatil/.m2/repository/org/seleniumhq/selenium/selenium-server/3.141.59/selenium-server-3.141.59.jar:/Users/krishnamurthypatil/.m2/repository/com/beust/jcommander/1.72/jcommander-1.72.jar:/Users/krishnamurthypatil/.m2/repository/net/jcip/jcip-annotations/1.0/jcip-annotations-1.0.jar:/Users/krishnamurthypatil/.m2/repository/org/seleniumhq/selenium/jetty-repacked/9.4.12.v20180830/jetty-repacked-9.4.12.v20180830.jar:/Users/krishnamurthypatil/.m2/repository/javax/servlet/javax.servlet-api/3.1.0/javax.servlet-api-3.1.0.jar:/Users/krishnamurthypatil/.m2/repository/org/yaml/snakeyaml/1.19/snakeyaml-1.19.jar:/Users/krishnamurthypatil/.m2/repository/org/seleniumhq/selenium/selenium-support/3.141.59/selenium-support-3.141.59.jar:/Users/krishnamurthypatil/.m2/repository/org/testng/testng/7.0.0/testng-7.0.0.jar:/Users/krishnamurthypatil/.m2/repository/org/apache/logging/log4j/log4j-api/2.13.3/log4j-api-2.13.3.jar:/Users/krishnamurthypatil/.m2/repository/org/apache/logging/log4j/log4j-core/2.13.3/log4j-core-2.13.3.jar:/Users/krishnamurthypatil/.m2/repository/com/aventstack/extentreports/4.1.6/extentreports-4.1.6.jar:/Users/krishnamurthypatil/.m2/repository/org/freemarker/freemarker/2.3.29/freemarker-2.3.29.jar:/Users/krishnamurthypatil/.m2/repository/org/apache/httpcomponents/httpclient/4.5.2/httpclient-4.5.2.jar:/Users/krishnamurthypatil/.m2/repository/org/apache/httpcomponents/httpcore/4.4.4/httpcore-4.4.4.jar:/Users/krishnamurthypatil/.m2/repository/commons-logging/commons-logging/1.2/commons-logging-1.2.jar:/Users/krishnamurthypatil/.m2/repository/org/apache/httpcomponents/httpmime/4.5.2/httpmime-4.5.2.jar:/Users/krishnamurthypatil/.m2/repository/org/mongodb/mongodb-driver/3.12.0/mongodb-driver-3.12.0.jar:/Users/krishnamurthypatil/.m2/repository/org/mongodb/mongodb-driver-core/3.12.0/mongodb-driver-core-3.12.0.jar:/Users/krishnamurthypatil/.m2/repository/org/mongodb/bson/3.12.0/bson-3.12.0.jar:/Users/krishnamurthypatil/.m2/repository/commons-io/commons-io/2.6/commons-io-2.6.jar:/Users/krishnamurthypatil/.m2/repository/com/google/code/gson/gson/2.8.5/gson-2.8.5.jar:/Users/krishnamurthypatil/.m2/repository/com/googlecode/json-simple/json-simple/1.1/json-simple-1.1.jar:/Users/krishnamurthypatil/.m2/repository/io/qameta/allure/allure-cucumber-jvm/2.0-BETA16/allure-cucumber-jvm-2.0-BETA16.jar:/Users/krishnamurthypatil/.m2/repository/info/cukes/gherkin/2.12.2/gherkin-2.12.2.jar:/Users/krishnamurthypatil/.m2/repository/io/qameta/allure/allure-java-commons/2.0-BETA16/allure-java-commons-2.0-BETA16.jar:/Users/krishnamurthypatil/.m2/repository/io/qameta/allure/allure2-model-api/1.0-BETA6/allure2-model-api-1.0-BETA6.jar:/Users/krishnamurthypatil/.m2/repository/io/qameta/allure/allure2-model-pojo/1.0-BETA6/allure2-model-pojo-1.0-BETA6.jar:/Users/krishnamurthypatil/.m2/repository/io/qameta/allure/allure2-model-jackson/1.0-BETA6/allure2-model-jackson-1.0-BETA6.jar:/Users/krishnamurthypatil/.m2/repository/org/aspectj/aspectjrt/1.8.10/aspectjrt-1.8.10.jar:/Users/krishnamurthypatil/.m2/repository/org/jooq/joor/0.9.6/joor-0.9.6.jar:/Users/krishnamurthypatil/.m2/repository/org/slf4j/slf4j-api/1.7.21/slf4j-api-1.7.21.jar:/Users/krishnamurthypatil/.m2/repository/com/fasterxml/jackson/core/jackson-databind/2.9.8/jackson-databind-2.9.8.jar:/Users/krishnamurthypatil/.m2/repository/com/fasterxml/jackson/core/jackson-annotations/2.9.0/jackson-annotations-2.9.0.jar:/Users/krishnamurthypatil/.m2/repository/com/fasterxml/jackson/core/jackson-core/2.9.8/jackson-core-2.9.8.jar:/Users/krishnamurthypatil/.m2/repository/com/fasterxml/jackson/dataformat/jackson-dataformat-yaml/2.9.8/jackson-dataformat-yaml-2.9.8.jar:/Users/krishnamurthypatil/.m2/repository/io/qameta/allure/allure-generator/2.13.4/allure-generator-2.13.4.jar:/Users/krishnamurthypatil/.m2/repository/com/fasterxml/jackson/dataformat/jackson-dataformat-xml/2.9.8/jackson-dataformat-xml-2.9.8.jar:/Users/krishnamurthypatil/.m2/repository/com/fasterxml/jackson/module/jackson-module-jaxb-annotations/2.9.8/jackson-module-jaxb-annotations-2.9.8.jar:/Users/krishnamurthypatil/.m2/repository/org/codehaus/woodstox/stax2-api/3.1.4/stax2-api-3.1.4.jar:/Users/krishnamurthypatil/.m2/repository/com/fasterxml/woodstox/woodstox-core/5.0.3/woodstox-core-5.0.3.jar:/Users/krishnamurthypatil/.m2/repository/io/qameta/allure/allure-model/2.13.0/allure-model-2.13.0.jar:/Users/krishnamurthypatil/.m2/repository/javax/xml/bind/jaxb-api/2.3.1/jaxb-api-2.3.1.jar:/Users/krishnamurthypatil/.m2/repository/javax/activation/javax.activation-api/1.2.0/javax.activation-api-1.2.0.jar:/Users/krishnamurthypatil/.m2/repository/org/allurefw/allure1-model/1.0/allure1-model-1.0.jar:/Users/krishnamurthypatil/.m2/repository/ru/qatools/commons/properties/2.0.RC5/properties-2.0.RC5.jar:/Users/krishnamurthypatil/.m2/repository/com/github/baev/jaxb-utils/1.0/jaxb-utils-1.0.jar:/Users/krishnamurthypatil/.m2/repository/org/apache/tika/tika-core/1.22/tika-core-1.22.jar:/Users/krishnamurthypatil/.m2/repository/org/eclipse/jetty/jetty-server/9.4.20.v20190813/jetty-server-9.4.20.v20190813.jar:/Users/krishnamurthypatil/.m2/repository/org/eclipse/jetty/jetty-http/9.4.20.v20190813/jetty-http-9.4.20.v20190813.jar:/Users/krishnamurthypatil/.m2/repository/org/eclipse/jetty/jetty-util/9.4.20.v20190813/jetty-util-9.4.20.v20190813.jar:/Users/krishnamurthypatil/.m2/repository/org/eclipse/jetty/jetty-io/9.4.20.v20190813/jetty-io-9.4.20.v20190813.jar:/Users/krishnamurthypatil/.m2/repository/org/slf4j/slf4j-log4j12/1.7.28/slf4j-log4j12-1.7.28.jar:/Users/krishnamurthypatil/.m2/repository/log4j/log4j/1.2.17/log4j-1.2.17.jar:/Users/krishnamurthypatil/.m2/repository/ru/yandex/qatools/allure/allure-cucumber-jvm-adaptor/1.6.2/allure-cucumber-jvm-adaptor-1.6.2.jar:/Users/krishnamurthypatil/.m2/repository/ru/yandex/qatools/allure/allure-java-aspects/1.5.2/allure-java-aspects-1.5.2.jar:/Users/krishnamurthypatil/.m2/repository/ru/yandex/qatools/allure/allure-java-adaptor-api/1.5.2/allure-java-adaptor-api-1.5.2.jar:/Users/krishnamurthypatil/.m2/repository/ru/yandex/qatools/allure/allure-java-annotations/1.5.2/allure-java-annotations-1.5.2.jar:/Users/krishnamurthypatil/.m2/repository/ru/yandex/qatools/allure/allure-commons/1.5.2/allure-commons-1.5.2.jar:/Users/krishnamurthypatil/.m2/repository/ru/yandex/qatools/allure/allure-model/1.5.2/allure-model-1.5.2.jar:/Users/krishnamurthypatil/.m2/repository/org/jvnet/jaxb2_commons/jaxb2-basics-runtime/0.9.3/jaxb2-basics-runtime-0.9.3.jar:/Users/krishnamurthypatil/.m2/repository/org/apache/commons/commons-lang3/3.3.2/commons-lang3-3.3.2.jar:/Users/krishnamurthypatil/.m2/repository/commons-logging/commons-logging-api/1.1/commons-logging-api-1.1.jar:/Users/krishnamurthypatil/.m2/repository/io/qameta/allure/allure-junit4/2.13.5/allure-junit4-2.13.5.jar:/Users/krishnamurthypatil/.m2/repository/org/apache/poi/poi/3.16/poi-3.16.jar:/Users/krishnamurthypatil/.m2/repository/commons-codec/commons-codec/1.10/commons-codec-1.10.jar:/Users/krishnamurthypatil/.m2/repository/org/apache/commons/commons-collections4/4.1/commons-collections4-4.1.jar:/Users/krishnamurthypatil/.m2/repository/xml-apis/xml-apis/1.0.b2/xml-apis-1.0.b2.jar:/Users/krishnamurthypatil/.m2/repository/xerces/xercesImpl/2.8.0/xercesImpl-2.8.0.jar:/Users/krishnamurthypatil/.m2/repository/org/apache/maven/surefire/surefire-testng-utils/2.20/surefire-testng-utils-2.20.jar:/Users/krishnamurthypatil/.m2/repository/org/apache/maven/surefire/surefire-grouper/2.20/surefire-grouper-2.20.jar:"/>
    <property name="sun.cpu.endian" value="little"/>
    <property name="user.home" value="/Users/krishnamurthypatil"/>
    <property name="user.language" value="en"/>
    <property name="java.specification.vendor" value="Oracle Corporation"/>
    <property name="java.version.date" value="2020-01-14"/>
    <property name="java.home" value="/Library/Java/JavaVirtualMachines/jdk-13.0.2.jdk/Contents/Home"/>
    <property name="file.separator" value="/"/>
    <property name="basedir" value="/Users/krishnamurthypatil/eclipse-workspace/Cucumber-SDET"/>
    <property name="java.vm.compressedOopsMode" value="Zero based"/>
    <property name="line.separator" value="&#10;"/>
    <property name="java.vm.specification.vendor" value="Oracle Corporation"/>
    <property name="java.specification.name" value="Java Platform API Specification"/>
    <property name="sun.management.compiler" value="HotSpot 64-Bit Tiered Compilers"/>
    <property name="ftp.nonProxyHosts" value="local|*.local|169.254/16|*.169.254/16"/>
    <property name="java.runtime.version" value="13.0.2+8"/>
    <property name="user.name" value="krishnamurthypatil"/>
    <property name="path.separator" value=":"/>
    <property name="os.version" value="10.15.4"/>
    <property name="java.runtime.name" value="Java(TM) SE Runtime Environment"/>
    <property name="file.encoding" value="UTF-8"/>
    <property name="guice.disable.misplaced.annotation.check" value="true"/>
    <property name="java.vm.name" value="Java HotSpot(TM) 64-Bit Server VM"/>
    <property name="localRepository" value="/Users/krishnamurthypatil/.m2/repository"/>
    <property name="java.vendor.url.bug" value="https://bugreport.java.com/bugreport/"/>
    <property name="java.io.tmpdir" value="/var/folders/s7/_c17gdh971x88v7y9cv92q400000gn/T/"/>
    <property name="java.version" value="13.0.2"/>
    <property name="user.dir" value="/Users/krishnamurthypatil/eclipse-workspace/Cucumber-SDET"/>
    <property name="os.arch" value="x86_64"/>
    <property name="maven.multiModuleProjectDirectory" value="/Users/krishnamurthypatil/eclipse-workspace/Cucumber-SDET"/>
    <property name="java.vm.specification.name" value="Java Virtual Machine Specification"/>
    <property name="java.library.path" value="/Users/krishnamurthypatil/Library/Java/Extensions:/Library/Java/Extensions:/Network/Library/Java/Extensions:/System/Library/Java/Extensions:/usr/lib/java:."/>
    <property name="java.vm.info" value="mixed mode, sharing"/>
    <property name="java.vendor" value="Oracle Corporation"/>
    <property name="java.vm.version" value="13.0.2+8"/>
    <property name="classworlds.conf" value="/Users/krishnamurthypatil/eclipse-workspace/.metadata/.plugins/org.eclipse.m2e.launching/launches/m2conf2434034071172957265.tmp"/>
    <property name="sun.io.unicode.encoding" value="UnicodeBig"/>
    <property name="socksNonProxyHosts" value="local|*.local|169.254/16|*.169.254/16"/>
    <property name="java.class.version" value="57.0"/>
  </properties>
</testsuite>